2023-09-21 21:34:53,013 INFO [main] h.j.v.g.Glavna [Glavna.java:24] Aplikacija pokrenuta
2023-09-21 21:34:53,028 ERROR [main] h.j.v.g.Glavna [Glavna.java:120] Unesen string umjesto broja java.util.InputMismatchException
2023-09-21 21:34:53,041 WARN [main] h.j.v.g.Glavna [Glavna.java:78] Student Marko Curić zbog negativne ocjene na jednom od ispita ne može polagati završni rad! hr.java.vjezbe.iznimke.NemoguceOdreditiProsjekStudentaException: Polje ispita sadrži ispit sa ocjenom '1'
2023-09-21 21:34:53,043 WARN [main] h.j.v.e.FakultetRacunarstva [FakultetRacunarstva.java:54] Student Marko Curić zbog negativne ocjene na jednom od ispita ima prosjek „nedovoljan (1)“! hr.java.vjezbe.iznimke.NemoguceOdreditiProsjekStudentaException: Polje ispita sadrži ispit sa ocjenom '1'
2023-09-21 21:34:53,047 ERROR [main] h.j.v.g.Glavna [Glavna.java:96] Pronađeno je više najmlađih studenata (PREKID PROGRAMA) hr.java.vjezbe.iznimke.PostojiViseNajmladjihStudenataException: Emil Franković i Danka Županović
2023-09-22 12:11:55,225 INFO [main] h.j.v.g.Glavna [Glavna.java:24] Aplikacija pokrenuta
2023-09-22 12:11:55,241 ERROR [main] h.j.v.g.Glavna [Glavna.java:120] Unesen string umjesto broja java.util.InputMismatchException
2023-09-22 12:11:55,260 WARN [main] h.j.v.g.Glavna [Glavna.java:78] Student Marko Curić zbog negativne ocjene na jednom od ispita ne može polagati završni rad! hr.java.vjezbe.iznimke.NemoguceOdreditiProsjekStudentaException: Polje ispita sadrži ispit sa ocjenom '1'
2023-09-22 12:11:55,263 WARN [main] h.j.v.e.FakultetRacunarstva [FakultetRacunarstva.java:73] Student Marko Curić zbog negativne ocjene na jednom od ispita ima prosjek „nedovoljan (1)“! hr.java.vjezbe.iznimke.NemoguceOdreditiProsjekStudentaException: Polje ispita sadrži ispit sa ocjenom '1'
2023-09-22 12:11:55,268 ERROR [main] h.j.v.g.Glavna [Glavna.java:96] Pronađeno je više najmlađih studenata (PREKID PROGRAMA) hr.java.vjezbe.iznimke.PostojiViseNajmladjihStudenataException: Danka Županović i Emil Franković
2023-09-22 12:18:29,634 INFO [main] h.j.v.g.Glavna [Glavna.java:24] Aplikacija pokrenuta
2023-09-22 12:18:29,657 ERROR [main] h.j.v.g.Glavna [Glavna.java:120] Unesen string umjesto broja java.util.InputMismatchException
2023-09-22 12:18:29,681 WARN [main] h.j.v.g.Glavna [Glavna.java:78] Student Marko Curić zbog negativne ocjene na jednom od ispita ne može polagati završni rad! hr.java.vjezbe.iznimke.NemoguceOdreditiProsjekStudentaException: Polje ispita sadrži ispit sa ocjenom '1'
2023-09-22 12:18:29,684 WARN [main] h.j.v.e.FakultetRacunarstva [FakultetRacunarstva.java:73] Student Marko Curić zbog negativne ocjene na jednom od ispita ima prosjek „nedovoljan (1)“! hr.java.vjezbe.iznimke.NemoguceOdreditiProsjekStudentaException: Polje ispita sadrži ispit sa ocjenom '1'
2023-09-22 12:18:29,689 ERROR [main] h.j.v.g.Glavna [Glavna.java:96] Pronađeno je više najmlađih studenata (PREKID PROGRAMA) hr.java.vjezbe.iznimke.PostojiViseNajmladjihStudenataException: Danka Županović i Emil Franković
2023-09-22 12:20:16,861 INFO [main] h.j.v.g.Glavna [Glavna.java:24] Aplikacija pokrenuta
2023-09-22 12:20:16,887 ERROR [main] h.j.v.g.Glavna [Glavna.java:120] Unesen string umjesto broja java.util.InputMismatchException
2023-09-22 12:20:16,913 WARN [main] h.j.v.g.Glavna [Glavna.java:78] Student Marko Curić zbog negativne ocjene na jednom od ispita ne može polagati završni rad! hr.java.vjezbe.iznimke.NemoguceOdreditiProsjekStudentaException: Polje ispita sadrži ispit sa ocjenom '1'
2023-09-22 12:20:16,916 WARN [main] h.j.v.e.FakultetRacunarstva [FakultetRacunarstva.java:73] Student Marko Curić zbog negativne ocjene na jednom od ispita ima prosjek „nedovoljan (1)“! hr.java.vjezbe.iznimke.NemoguceOdreditiProsjekStudentaException: Polje ispita sadrži ispit sa ocjenom '1'
2023-09-22 12:20:16,922 ERROR [main] h.j.v.g.Glavna [Glavna.java:96] Pronađeno je više najmlađih studenata (PREKID PROGRAMA) hr.java.vjezbe.iznimke.PostojiViseNajmladjihStudenataException: Emil Franković i Danka Županović
2023-09-22 12:26:32,274 INFO [main] h.j.v.g.Glavna [Glavna.java:24] Aplikacija pokrenuta
2023-09-22 12:26:32,297 ERROR [main] h.j.v.g.Glavna [Glavna.java:120] Unesen string umjesto broja java.util.InputMismatchException
2023-09-22 12:26:32,314 WARN [main] h.j.v.g.Glavna [Glavna.java:78] Student Marko Curić zbog negativne ocjene na jednom od ispita ne može polagati završni rad! hr.java.vjezbe.iznimke.NemoguceOdreditiProsjekStudentaException: Polje ispita sadrži ispit sa ocjenom '1'
2023-09-22 12:26:32,317 WARN [main] h.j.v.e.FakultetRacunarstva [FakultetRacunarstva.java:78] Student Marko Curić zbog negativne ocjene na jednom od ispita ima prosjek „nedovoljan (1)“! hr.java.vjezbe.iznimke.NemoguceOdreditiProsjekStudentaException: Polje ispita sadrži ispit sa ocjenom '1'
2023-09-22 12:26:32,323 ERROR [main] h.j.v.g.Glavna [Glavna.java:96] Pronađeno je više najmlađih studenata (PREKID PROGRAMA) hr.java.vjezbe.iznimke.PostojiViseNajmladjihStudenataException: Emil Franković i Danka Županović
